app/build/intermediates/manifest_merge_blame_file/debug/manifest-merger-blame-debug-report.txt
1<?xml version="1.0" encoding="utf-8"?>
2<manifest xmlns:android="http://schemas.android.com/apk/res/android"
3    package="com.example.finalapp"
4    android:versionCode="1"
5    android:versionName="1.0" >
6
7    <uses-sdk
8        android:minSdkVersion="19"
8-->src\main\AndroidManifest.xml
9        android:targetSdkVersion="29" />
9-->src\main\AndroidManifest.xml
10
11    <uses-permission android:name="android.permission.ACCESS_NETWORK_STATE" />
11-->[com.google.firebase:firebase-database:16.0.4] AndroidManifest.xml:22:5-79
11-->[com.google.firebase:firebase-database:16.0.4] AndroidManifest.xml:22:22-76
12    <uses-permission android:name="android.permission.INTERNET" />
12-->[com.google.firebase:firebase-database:16.0.4] AndroidManifest.xml:23:5-67
12-->[com.google.firebase:firebase-database:16.0.4] AndroidManifest.xml:23:22-64
13    <uses-permission android:name="android.permission.WAKE_LOCK" /> <!-- Required by older versions of Google Play services to create IID tokens -->
13-->[com.google.firebase:firebase-iid:17.0.4] AndroidManifest.xml:24:5-68
13-->[com.google.firebase:firebase-iid:17.0.4] AndroidManifest.xml:24:22-65
14    <uses-permission android:name="com.google.android.c2dm.permission.RECEIVE" />
14-->[com.google.firebase:firebase-iid:17.0.4] AndroidManifest.xml:26:5-82
14-->[com.google.firebase:firebase-iid:17.0.4] AndroidManifest.xml:26:22-79
15
16    <application
16-->src\main\AndroidManifest.xml:5:5-29:19
17        android:allowBackup="true"
17-->src\main\AndroidManifest.xml:6:9-35
18        android:appComponentFactory="androidx.core.app.CoreComponentFactory"
18-->[androidx.core:core:1.1.0] AndroidManifest.xml:24:18-86
19        android:debuggable="true"
20        android:icon="@mipmap/ic_launcher"
20-->src\main\AndroidManifest.xml:7:9-43
21        android:label="@string/app_name"
21-->src\main\AndroidManifest.xml:8:9-41
22        android:roundIcon="@mipmap/ic_launcher_round"
22-->src\main\AndroidManifest.xml:9:9-54
23        android:supportsRtl="true"
23-->src\main\AndroidManifest.xml:10:9-35
24        android:testOnly="true"
25        android:theme="@style/AppTheme" >
25-->src\main\AndroidManifest.xml:11:9-40
26        <service android:name="com.example.finalapp.MyFirebaseMessagingService" >
26-->src\main\AndroidManifest.xml:13:9-18:19
26-->src\main\AndroidManifest.xml:14:13-55
27            <intent-filter>
27-->src\main\AndroidManifest.xml:15:13-17:29
28                <action android:name="com.google.firebase.MESSAGING_EVENT" />
28-->src\main\AndroidManifest.xml:16:17-77
28-->src\main\AndroidManifest.xml:16:25-75
29            </intent-filter>
30        </service>
31
32        <activity android:name="com.example.finalapp.LogInActivity" />
32-->src\main\AndroidManifest.xml:20:9-51
32-->src\main\AndroidManifest.xml:20:19-48
33        <activity android:name="com.example.finalapp.user.PrincipalActivity" />
33-->src\main\AndroidManifest.xml:21:9-60
33-->src\main\AndroidManifest.xml:21:19-57
34        <activity android:name="com.example.finalapp.FirstActivity" >
34-->src\main\AndroidManifest.xml:22:9-28:20
34-->src\main\AndroidManifest.xml:22:19-48
35            <intent-filter>
35-->src\main\AndroidManifest.xml:23:13-27:29
36                <action android:name="android.intent.action.MAIN" />
36-->src\main\AndroidManifest.xml:24:17-69
36-->src\main\AndroidManifest.xml:24:25-66
37
38                <category android:name="android.intent.category.LAUNCHER" />
38-->src\main\AndroidManifest.xml:26:17-77
38-->src\main\AndroidManifest.xml:26:27-74
39            </intent-filter>
40        </activity>
41        <!--
42             FirebaseMessagingService performs security checks at runtime,
43             no need for explicit permissions despite exported="true"
44        -->
45        <service
45-->[com.google.firebase:firebase-messaging:17.3.4] AndroidManifest.xml:28:9-34:19
46            android:name="com.google.firebase.messaging.FirebaseMessagingService"
46-->[com.google.firebase:firebase-messaging:17.3.4] AndroidManifest.xml:29:13-82
47            android:exported="true" >
47-->[com.google.firebase:firebase-messaging:17.3.4] AndroidManifest.xml:30:13-36
48            <intent-filter android:priority="-500" >
48-->src\main\AndroidManifest.xml:15:13-17:29
49                <action android:name="com.google.firebase.MESSAGING_EVENT" />
49-->src\main\AndroidManifest.xml:16:17-77
49-->src\main\AndroidManifest.xml:16:25-75
50            </intent-filter>
51        </service>
52
53        <activity
53-->[com.google.firebase:firebase-auth:16.0.5] AndroidManifest.xml:24:9-31:50
54            android:name="com.google.firebase.auth.internal.FederatedSignInActivity"
54-->[com.google.firebase:firebase-auth:16.0.5] AndroidManifest.xml:25:13-85
55            android:excludeFromRecents="true"
55-->[com.google.firebase:firebase-auth:16.0.5] AndroidManifest.xml:26:13-46
56            android:exported="true"
56-->[com.google.firebase:firebase-auth:16.0.5] AndroidManifest.xml:27:13-36
57            android:launchMode="singleTask"
57-->[com.google.firebase:firebase-auth:16.0.5] AndroidManifest.xml:28:13-44
58            android:permission="com.google.firebase.auth.api.gms.permission.LAUNCH_FEDERATED_SIGN_IN"
58-->[com.google.firebase:firebase-auth:16.0.5] AndroidManifest.xml:29:13-102
59            android:theme="@android:style/Theme.Translucent.NoTitleBar" />
59-->[com.google.firebase:firebase-auth:16.0.5] AndroidManifest.xml:30:13-72
60
61        <service
61-->[com.google.firebase:firebase-auth:16.0.5] AndroidManifest.xml:33:9-39:19
62            android:name="com.google.firebase.components.ComponentDiscoveryService"
62-->[com.google.firebase:firebase-auth:16.0.5] AndroidManifest.xml:34:13-84
63            android:exported="false" >
63-->[com.google.firebase:firebase-auth:16.0.5] AndroidManifest.xml:35:13-37
64            <meta-data
64-->[com.google.firebase:firebase-auth:16.0.5] AndroidManifest.xml:36:13-38:85
65                android:name="com.google.firebase.components:com.google.firebase.auth.FirebaseAuthRegistrar"
65-->[com.google.firebase:firebase-auth:16.0.5] AndroidManifest.xml:37:17-109
66                android:value="com.google.firebase.components.ComponentRegistrar" />
66-->[com.google.firebase:firebase-auth:16.0.5] AndroidManifest.xml:38:17-82
67            <meta-data
67-->[com.google.firebase:firebase-iid:17.0.4] AndroidManifest.xml:32:13-34:85
68                android:name="com.google.firebase.components:com.google.firebase.iid.Registrar"
68-->[com.google.firebase:firebase-iid:17.0.4] AndroidManifest.xml:33:17-96
69                android:value="com.google.firebase.components.ComponentRegistrar" />
69-->[com.google.firebase:firebase-iid:17.0.4] AndroidManifest.xml:34:17-82
70        </service>
71
72        <receiver
72-->[com.google.firebase:firebase-iid:17.0.4] AndroidManifest.xml:37:9-44:20
73            android:name="com.google.firebase.iid.FirebaseInstanceIdReceiver"
73-->[com.google.firebase:firebase-iid:17.0.4] AndroidManifest.xml:38:13-78
74            android:exported="true"
74-->[com.google.firebase:firebase-iid:17.0.4] AndroidManifest.xml:39:13-36
75            android:permission="com.google.android.c2dm.permission.SEND" >
75-->[com.google.firebase:firebase-iid:17.0.4] AndroidManifest.xml:40:13-73
76            <intent-filter>
76-->[com.google.firebase:firebase-iid:17.0.4] AndroidManifest.xml:41:13-43:29
77                <action android:name="com.google.android.c2dm.intent.RECEIVE" />
77-->[com.google.firebase:firebase-iid:17.0.4] AndroidManifest.xml:42:17-81
77-->[com.google.firebase:firebase-iid:17.0.4] AndroidManifest.xml:42:25-78
78            </intent-filter>
79        </receiver>
80        <!--
81             FirebaseInstanceIdService performs security checks at runtime,
82             no need for explicit permissions despite exported="true"
83        -->
84        <service
84-->[com.google.firebase:firebase-iid:17.0.4] AndroidManifest.xml:50:9-56:19
85            android:name="com.google.firebase.iid.FirebaseInstanceIdService"
85-->[com.google.firebase:firebase-iid:17.0.4] AndroidManifest.xml:51:13-77
86            android:exported="true" >
86-->[com.google.firebase:firebase-iid:17.0.4] AndroidManifest.xml:52:13-36
87            <intent-filter android:priority="-500" >
87-->[com.google.firebase:firebase-iid:17.0.4] AndroidManifest.xml:53:13-55:29
87-->[com.google.firebase:firebase-iid:17.0.4] AndroidManifest.xml:53:28-51
88                <action android:name="com.google.firebase.INSTANCE_ID_EVENT" />
88-->[com.google.firebase:firebase-iid:17.0.4] AndroidManifest.xml:54:17-80
88-->[com.google.firebase:firebase-iid:17.0.4] AndroidManifest.xml:54:25-77
89            </intent-filter>
90        </service>
91
92        <provider
92-->[com.google.firebase:firebase-common:16.0.3] AndroidManifest.xml:10:9-14:39
93            android:name="com.google.firebase.provider.FirebaseInitProvider"
93-->[com.google.firebase:firebase-common:16.0.3] AndroidManifest.xml:11:13-77
94            android:authorities="com.example.finalapp.firebaseinitprovider"
94-->[com.google.firebase:firebase-common:16.0.3] AndroidManifest.xml:12:13-72
95            android:exported="false"
95-->[com.google.firebase:firebase-common:16.0.3] AndroidManifest.xml:13:13-37
96            android:initOrder="100" />
96-->[com.google.firebase:firebase-common:16.0.3] AndroidManifest.xml:14:13-36
97
98        <activity
98-->[com.google.android.gms:play-services-base:16.0.1] AndroidManifest.xml:23:9-26:75
99            android:name="com.google.android.gms.common.api.GoogleApiActivity"
99-->[com.google.android.gms:play-services-base:16.0.1] AndroidManifest.xml:24:13-79
100            android:exported="false"
100-->[com.google.android.gms:play-services-base:16.0.1] AndroidManifest.xml:25:13-37
101            android:theme="@android:style/Theme.Translucent.NoTitleBar" />
101-->[com.google.android.gms:play-services-base:16.0.1] AndroidManifest.xml:26:13-72
102
103        <meta-data
103-->[com.google.android.gms:play-services-basement:16.1.0] AndroidManifest.xml:23:9-25:69
104            android:name="com.google.android.gms.version"
104-->[com.google.android.gms:play-services-basement:16.1.0] AndroidManifest.xml:24:13-58
105            android:value="@integer/google_play_services_version" />
105-->[com.google.android.gms:play-services-basement:16.1.0] AndroidManifest.xml:25:13-66
106
107        <provider
107-->[androidx.lifecycle:lifecycle-process:2.0.0] AndroidManifest.xml:23:9-27:43
108            android:name="androidx.lifecycle.ProcessLifecycleOwnerInitializer"
108-->[androidx.lifecycle:lifecycle-process:2.0.0] AndroidManifest.xml:24:13-79
109            android:authorities="com.example.finalapp.lifecycle-process"
109-->[androidx.lifecycle:lifecycle-process:2.0.0] AndroidManifest.xml:25:13-69
110            android:exported="false"
110-->[androidx.lifecycle:lifecycle-process:2.0.0] AndroidManifest.xml:26:13-37
111            android:multiprocess="true" />
111-->[androidx.lifecycle:lifecycle-process:2.0.0] AndroidManifest.xml:27:13-40
112    </application>
113
114</manifest>